  game.cpp
E:\桌面\VS\小游戏跳跳跳\小游戏跳跳跳\game.cpp(34,14): warning C4101: “msg”: 未引用的局部变量
E:\桌面\VS\小游戏跳跳跳\小游戏跳跳跳\game.cpp(82,19): warning C4244: “初始化”: 从“int”转换到“float”，可能丢失数据
E:\桌面\VS\小游戏跳跳跳\小游戏跳跳跳\game.cpp(83,19): warning C4244: “初始化”: 从“int”转换到“float”，可能丢失数据
E:\桌面\VS\小游戏跳跳跳\小游戏跳跳跳\game.cpp(98,21): warning C4244: “初始化”: 从“int”转换到“float”，可能丢失数据
E:\桌面\VS\小游戏跳跳跳\小游戏跳跳跳\game.cpp(99,22): warning C4244: “初始化”: 从“int”转换到“float”，可能丢失数据
E:\桌面\VS\小游戏跳跳跳\小游戏跳跳跳\game.cpp(109,88): warning C4244: “参数”: 从“const int”转换到“float”，可能丢失数据
E:\桌面\VS\小游戏跳跳跳\小游戏跳跳跳\game.cpp(109,71): warning C4244: “参数”: 从“int”转换到“float”，可能丢失数据
E:\桌面\VS\小游戏跳跳跳\小游戏跳跳跳\game.cpp(109,32): warning C4244: “参数”: 从“const int”转换到“float”，可能丢失数据
E:\桌面\VS\小游戏跳跳跳\小游戏跳跳跳\game.cpp(110,133): warning C4244: “参数”: 从“int”转换到“float”，可能丢失数据
E:\桌面\VS\小游戏跳跳跳\小游戏跳跳跳\game.cpp(110,108): warning C4244: “参数”: 从“int”转换到“float”，可能丢失数据
E:\桌面\VS\小游戏跳跳跳\小游戏跳跳跳\game.cpp(110,75): warning C4244: “参数”: 从“int”转换到“float”，可能丢失数据
E:\桌面\VS\小游戏跳跳跳\小游戏跳跳跳\game.cpp(110,35): warning C4244: “参数”: 从“const int”转换到“float”，可能丢失数据
  main.cpp
  obstacle .cpp
E:\桌面\VS\小游戏跳跳跳\小游戏跳跳跳\obstacle .cpp(1,1): warning C4819: 该文件包含不能在当前代码页(936)中表示的字符。请将该文件保存为 Unicode 格式以防止数据丢失
E:\桌面\VS\小游戏跳跳跳\小游戏跳跳跳\obstacle .cpp(4,132): warning C4244: “参数”: 从“_Rep”转换到“unsigned int”，可能丢失数据
          with
          [
              _Rep=std::chrono::system_clock::rep
          ]
  protagonist.cpp
  正在生成代码
  Previous IPDB not found, fall back to full compilation.
  All 333 functions were compiled because no usable IPDB/IOBJ from previous compilation was found.
  已完成代码的生成
  小游戏跳跳跳.vcxproj -> E:\桌面\VS\小游戏跳跳跳\x64\Release\小游戏跳跳跳.exe
